<?xml version="1.0" encoding="UTF-8"?>
<!-- Generated by org.testng.reporters.JUnitXMLReporter -->
<testsuite ignored="1" hostname="Ahmad" failures="0" tests="1" name="Default test" time="11.908" errors="0" timestamp="2025-03-14T16:06:24 EDT">
  <testcase classname="ChromeDevToolsProtocol.ChromeDevTools.E_Extract_Nework_Responses_StatusCode" name="extractNetworkResponses" time="11.821"/>
  <testcase classname="ChromeDevToolsProtocol.ChromeDevTools.E_Extract_Nework_Responses_StatusCode" name="extractNetworkResponses_withComments" time="0.0">
    <ignored/>
  </testcase> <!-- extractNetworkResponses_withComments -->
</testsuite> <!-- Default test -->
