<?xml version="1.0" encoding="UTF-8"?>
<testng-results ignored="0" total="1" passed="1" failed="0" skipped="0">
  <reporter-output>
  </reporter-output>
  <suite started-at="2025-03-14T16:06:12 EDT" name="Default suite" finished-at="2025-03-14T16:06:24 EDT" duration-ms="11908">
    <groups>
    </groups>
    <test started-at="2025-03-14T16:06:12 EDT" name="Default test" finished-at="2025-03-14T16:06:24 EDT" duration-ms="11908">
      <class name="ChromeDevToolsProtocol.ChromeDevTools.E_Extract_Nework_Responses_StatusCode">
        <test-method signature="extractNetworkResponses()[pri:0, instance:ChromeDevToolsProtocol.ChromeDevTools.E_Extract_Nework_Responses_StatusCode@1bd4fdd]" started-at="2025-03-14T16:06:12 EDT" name="extractNetworkResponses" finished-at="2025-03-14T16:06:24 EDT" duration-ms="11821" status="PASS">
          <reporter-output>
          </reporter-output>
        </test-method> <!-- extractNetworkResponses -->
      </class> <!-- ChromeDevToolsProtocol.ChromeDevTools.E_Extract_Nework_Responses_StatusCode -->
    </test> <!-- Default test -->
  </suite> <!-- Default suite -->
</testng-results>
