<?xml version="1.0" encoding="UTF-8"?>
<!-- Generated by org.testng.reporters.JUnitReportReporter -->
<testsuite hostname="Ahmad" failures="0" tests="1" name="ChromeDevToolsProtocol.ChromeDevTools.G_Failing_API_Requests" time="6.429" errors="0" timestamp="2025-03-23T15:57:57 EDT" skipped="0">
  <testcase classname="ChromeDevToolsProtocol.ChromeDevTools.G_Failing_API_Requests" name="failingApiRequests" time="6.429"/>
</testsuite> <!-- ChromeDevToolsProtocol.ChromeDevTools.G_Failing_API_Requests -->
