<?xml version="1.0" encoding="UTF-8"?>
<!-- Generated by org.testng.reporters.JUnitReportReporter -->
<testsuite hostname="Ahmad" failures="0" tests="3" name="ChromeDevToolsProtocol.ChromeDevTools.C_UsingCDPMethods_NotInSelenium_Library" time="6.463" errors="0" timestamp="2025-02-21T16:22:34 EST" skipped="2">
  <testcase classname="ChromeDevToolsProtocol.ChromeDevTools.C_UsingCDPMethods_NotInSelenium_Library" name="customCDP_DifferentWay" time="6.463"/>
  <testcase classname="ChromeDevToolsProtocol.ChromeDevTools.C_UsingCDPMethods_NotInSelenium_Library" name="customCDP">
    <skipped/>
  </testcase> <!-- customCDP -->
  <testcase classname="ChromeDevToolsProtocol.ChromeDevTools.C_UsingCDPMethods_NotInSelenium_Library" name="customCDP_commentedOut">
    <skipped/>
  </testcase> <!-- customCDP_commentedOut -->
</testsuite> <!-- ChromeDevToolsProtocol.ChromeDevTools.C_UsingCDPMethods_NotInSelenium_Library -->
