<?xml version="1.0" encoding="UTF-8"?>
<!-- Generated by org.testng.reporters.JUnitReportReporter -->
<testsuite hostname="Ahmad" failures="0" tests="2" name="ChromeDevToolsProtocol.ChromeDevTools.E_Extract_Nework_Responses_StatusCode" time="8.366" errors="0" timestamp="2025-03-03T20:41:48 EST" skipped="1">
  <testcase classname="ChromeDevToolsProtocol.ChromeDevTools.E_Extract_Nework_Responses_StatusCode" name="extractNetworkResponses" time="8.366"/>
  <testcase classname="ChromeDevToolsProtocol.ChromeDevTools.E_Extract_Nework_Responses_StatusCode" name="extractNetworkResponses_withComments">
    <skipped/>
  </testcase> <!-- extractNetworkResponses_withComments -->
</testsuite> <!-- ChromeDevToolsProtocol.ChromeDevTools.E_Extract_Nework_Responses_StatusCode -->
