<?xml version="1.0" encoding="UTF-8"?>
<!-- Generated by org.testng.reporters.JUnitReportReporter -->
<testsuite hostname="Ahmad" failures="0" tests="2" name="ChromeDevToolsProtocol.ChromeDevTools.F_Mocking_API_Requests_Responses" time="21.384" errors="0" timestamp="2025-03-12T17:28:07 EDT" skipped="1">
  <testcase classname="ChromeDevToolsProtocol.ChromeDevTools.F_Mocking_API_Requests_Responses" name="mockingApi" time="21.384"/>
  <testcase classname="ChromeDevToolsProtocol.ChromeDevTools.F_Mocking_API_Requests_Responses" name="mockingApiWithComments">
    <skipped/>
  </testcase> <!-- mockingApiWithComments -->
</testsuite> <!-- ChromeDevToolsProtocol.ChromeDevTools.F_Mocking_API_Requests_Responses -->
