<?xml version="1.0" encoding="UTF-8"?>
<!-- Generated by org.testng.reporters.JUnitReportReporter -->
<testsuite hostname="Ahmad" failures="0" tests="1" name="ChromeDevToolsProtocol.ChromeDevTools.Mocking_API_Requests_Responses" time="5.905" errors="0" timestamp="2025-03-07T17:44:36 EST" skipped="0">
  <testcase classname="ChromeDevToolsProtocol.ChromeDevTools.Mocking_API_Requests_Responses" name="mockingApi" time="5.905"/>
</testsuite> <!-- ChromeDevToolsProtocol.ChromeDevTools.Mocking_API_Requests_Responses -->
