<?xml version="1.0" encoding="UTF-8"?>
<!-- Generated by org.testng.reporters.JUnitReportReporter -->
<testsuite hostname="Ahmad" failures="0" tests="1" name="ChromeDevToolsProtocol.ChromeDevTools.D_GeoLocation_Emulation" time="3.059" errors="0" timestamp="2025-02-25T18:01:36 EST" skipped="0">
  <testcase classname="ChromeDevToolsProtocol.ChromeDevTools.D_GeoLocation_Emulation" name="geoLocationEmulate" time="3.059"/>
</testsuite> <!-- ChromeDevToolsProtocol.ChromeDevTools.D_GeoLocation_Emulation -->
