<?xml version="1.0" encoding="UTF-8"?>
<!-- Generated by org.testng.reporters.JUnitReportReporter -->
<testsuite hostname="Ahmad" failures="0" tests="2" name="ChromeDevToolsProtocol.ChromeDevTools.B_EmulateMobileOnWebpage" time="9.590" errors="0" timestamp="2025-02-25T16:40:44 EST" skipped="1">
  <testcase classname="ChromeDevToolsProtocol.ChromeDevTools.B_EmulateMobileOnWebpage" name="B_EmulateMobileOnWebPage" time="9.590"/>
  <testcase classname="ChromeDevToolsProtocol.ChromeDevTools.B_EmulateMobileOnWebpage" name="emulateMobileOnWeb_withComments">
    <skipped/>
  </testcase> <!-- emulateMobileOnWeb_withComments -->
</testsuite> <!-- ChromeDevToolsProtocol.ChromeDevTools.B_EmulateMobileOnWebpage -->
