<?xml version="1.0" encoding="UTF-8"?>
<!-- Generated by org.testng.reporters.JUnitReportReporter -->
<testsuite hostname="Ahmad" failures="0" tests="2" name="ChromeDevToolsProtocol.ChromeDevTools.E_Extract_Nework_Responses_StatusCode" time="1.961" errors="1" timestamp="2025-03-02T16:41:30 EST" skipped="1">
  <testcase classname="ChromeDevToolsProtocol.ChromeDevTools.E_Extract_Nework_Responses_StatusCode" name="extractNetworkResponses" time="1.961">
    <error message="{&quot;id&quot;:1,&quot;error&quot;:{&quot;code&quot;:-32601,&quot;message&quot;:&quot;&#039;Network.enable&#039; wasn&#039;t found&quot;}}
Build info: version: &#039;4.29.0&#039;, revision: &#039;5fc1ec94cb&#039;
System info: os.name: &#039;Windows 11&#039;, os.arch: &#039;amd64&#039;, os.version: &#039;10.0&#039;, java.version: &#039;21.0.5&#039;
Driver info: driver.version: unknown" type="org.openqa.selenium.devtools.DevToolsException">
      <![CDATA[org.openqa.selenium.devtools.DevToolsException: {"id":1,"error":{"code":-32601,"message":"'Network.enable' wasn't found"}}
Build info: version: '4.29.0', revision: '5fc1ec94cb'
System info: os.name: 'Windows 11', os.arch: 'amd64', os.version: '10.0', java.version: '21.0.5'
Driver info: driver.version: unknown
at org.openqa.selenium.devtools.Connection.sendAndWait(Connection.java:195)
at org.openqa.selenium.devtools.DevTools.send(DevTools.java:94)
at org.openqa.selenium.devtools.DevTools.send(DevTools.java:89)
at ChromeDevToolsProtocol.ChromeDevTools.E_Extract_Nework_Responses_StatusCode.extractNetworkResponses(E_Extract_Nework_Responses_StatusCode.java:74)
at java.base/jdk.internal.reflect.DirectMethodHandleAccessor.invoke(DirectMethodHandleAccessor.java:103)
at java.base/java.lang.reflect.Method.invoke(Method.java:580)
at org.testng.internal.invokers.MethodInvocationHelper.invokeMethod(MethodInvocationHelper.java:141)
at org.testng.internal.invokers.TestInvoker.invokeMethod(TestInvoker.java:686)
at org.testng.internal.invokers.TestInvoker.invokeTestMethod(TestInvoker.java:230)
at org.testng.internal.invokers.MethodRunner.runInSequence(MethodRunner.java:63)
at org.testng.internal.invokers.TestInvoker$MethodInvocationAgent.invoke(TestInvoker.java:992)
at org.testng.internal.invokers.TestInvoker.invokeTestMethods(TestInvoker.java:203)
at org.testng.internal.invokers.TestMethodWorker.invokeTestMethods(TestMethodWorker.java:154)
at org.testng.internal.invokers.TestMethodWorker.run(TestMethodWorker.java:134)
at java.base/java.util.ArrayList.forEach(ArrayList.java:1596)
at org.testng.TestRunner.privateRun(TestRunner.java:739)
at org.testng.TestRunner.run(TestRunner.java:614)
at org.testng.SuiteRunner.runTest(SuiteRunner.java:421)
at org.testng.SuiteRunner.runSequentially(SuiteRunner.java:413)
at org.testng.SuiteRunner.privateRun(SuiteRunner.java:373)
at org.testng.SuiteRunner.run(SuiteRunner.java:312)
at org.testng.SuiteRunnerWorker.runSuite(SuiteRunnerWorker.java:52)
at org.testng.SuiteRunnerWorker.run(SuiteRunnerWorker.java:95)
at org.testng.TestNG.runSuitesSequentially(TestNG.java:1274)
at org.testng.TestNG.runSuitesLocally(TestNG.java:1208)
at org.testng.TestNG.runSuites(TestNG.java:1112)
at org.testng.TestNG.run(TestNG.java:1079)
at org.testng.remote.AbstractRemoteTestNG.run(AbstractRemoteTestNG.java:115)
at org.testng.remote.RemoteTestNG.initAndRun(RemoteTestNG.java:293)
at org.testng.remote.RemoteTestNG.main(RemoteTestNG.java:91)
Caused by: org.openqa.selenium.WebDriverException: {"id":1,"error":{"code":-32601,"message":"'Network.enable' wasn't found"}}
Build info: version: '4.29.0', revision: '5fc1ec94cb'
System info: os.name: 'Windows 11', os.arch: 'amd64', os.version: '10.0', java.version: '21.0.5'
Driver info: driver.version: unknown
at org.openqa.selenium.devtools.Connection.handle(Connection.java:275)
at org.openqa.selenium.devtools.Connection$Listener.lambda$onText$0(Connection.java:239)
at java.base/java.util.concurrent.ThreadPoolExecutor.runWorker(ThreadPoolExecutor.java:1144)
at java.base/java.util.concurrent.ThreadPoolExecutor$Worker.run(ThreadPoolExecutor.java:642)
at java.base/java.lang.Thread.run(Thread.java:1583)
]]>
    </error>
  </testcase> <!-- extractNetworkResponses -->
  <testcase classname="ChromeDevToolsProtocol.ChromeDevTools.E_Extract_Nework_Responses_StatusCode" name="extractNetworkResponses_withComments">
    <skipped/>
  </testcase> <!-- extractNetworkResponses_withComments -->
</testsuite> <!-- ChromeDevToolsProtocol.ChromeDevTools.E_Extract_Nework_Responses_StatusCode -->
